[[ 0.30143    0.023824  -0.022055   3.       ]
 [-0.55662   -0.6155     1.6046     3.       ]
 [-1.4617     1.1177    -0.047468   3.       ]
 [ 2.0718     0.63702    0.074894   1.       ]
 [ 0.45817    3.7359    -0.29199    0.       ]
 [-0.10145    2.5709    -0.76441    0.       ]
 [-0.63698   -0.1888     4.1483     2.       ]
 [ 3.0882     0.049435   1.078      1.       ]
 [ 0.19146    3.7702    -0.57922    0.       ]
 [ 0.27526    0.35329    2.7996     2.       ]
 [ 0.76665    1.5235     0.57682    3.       ]
 [-0.97772    0.60589   -0.11365    3.       ]
 [-0.94013   -0.25929    2.7865     2.       ]
 [ 0.23553    1.0214     3.8602     2.       ]
 [-0.76199   -0.2503    -1.6488     3.       ]
 [ 0.96577   -0.21976    1.4145     3.       ]
 [ 1.2679     5.0905    -0.94645    0.       ]
 [-0.83768    2.6925     0.79414    0.       ]
 [ 2.3603     5.1754     0.39774    0.       ]
 [ 0.90726    0.40226    3.4616     2.       ]
 [ 4.8916     0.28819    2.2652     1.       ]
 [-0.1734    -0.014029  -0.61274    3.       ]
 [ 1.9524     0.45902    3.6007     2.       ]
 [ 1.9779     4.7953     1.0374     0.       ]
 [-1.2974    -0.12177    4.7408     2.       ]
 [ 4.0065    -0.23589    0.65282    1.       ]
 [ 0.46818    0.32261    0.10002    3.       ]
 [-1.0335     5.2951     2.7681     0.       ]
 [ 1.6245     0.37351    3.7491     2.       ]
 [-0.19726    4.6492    -0.83147    0.       ]
 [-1.6951     0.91939    4.0215     2.       ]
 [ 0.032941   1.6925     4.4757     2.       ]
 [ 3.9521    -1.5519     0.44408    1.       ]
 [ 0.36853    2.192      5.5357     2.       ]
 [ 3.8536    -0.10307   -2.799      1.       ]
 [-0.25973   -1.3548    -1.1574     3.       ]
 [-0.63206    5.3165     1.5516     0.       ]
 [-0.50495    0.32585   -1.1114     3.       ]
 [ 4.3933     0.99025   -1.2976     1.       ]
 [ 1.0877     1.7507     1.8045     0.       ]
 [ 0.76456    0.6699     0.37578    3.       ]
 [ 0.41014    3.2101     0.16164    0.       ]
 [-0.3868    -0.55399    3.0563     2.       ]
 [ 4.3082     0.29964   -0.19722    1.       ]
 [ 2.0021    -0.3571    -0.3364     3.       ]
 [-1.0618     4.4505    -0.2728     0.       ]
 [ 5.9645     0.88458    0.084537   1.       ]
 [ 4.807     -0.089803  -0.0062921  1.       ]
 [ 2.0183     4.4543    -0.042104   0.       ]
 [ 0.29261   -1.1876     5.0759     2.       ]
 [-0.5107     4.1134    -0.22981    0.       ]
 [ 4.9271    -1.227     -0.32724    1.       ]
 [ 3.4255     0.49975   -0.4841     1.       ]
 [ 1.1233    -0.033128  -0.097748   3.       ]
 [ 4.1291     0.50943   -0.030124   1.       ]
 [ 2.1023    -1.7787    -0.92264    1.       ]
 [ 1.9033    -1.16       3.6527     2.       ]
 [ 0.7685     0.086933   1.7044     3.       ]
 [ 0.89595    2.1865     1.5667     0.       ]
 [-2.6411    -0.48615    0.19597    3.       ]
 [-0.39754    4.2543     1.2078     0.       ]
 [-1.8172     3.4783     0.16144    0.       ]
 [ 3.7872    -0.044035   0.45818    1.       ]
 [ 0.16613    0.77616    2.6186     2.       ]
 [-0.84072   -0.34947    4.0296     2.       ]
 [ 5.2449    -1.2923    -0.61435    1.       ]
 [ 4.9404     0.34916    1.8593     1.       ]
 [ 2.3206     0.78898   -0.65428    1.       ]
 [-0.49535    4.4688    -0.6573     0.       ]
 [ 0.95972    1.3803    -0.94146    3.       ]
 [-0.92419   -0.59414    1.4213     3.       ]
 [-1.717      5.4705     0.69414    0.       ]
 [-1.4689     4.1769     3.4663     0.       ]
 [-0.69804    0.30412    1.1011     3.       ]
 [ 1.3411     1.3327    -1.2849     3.       ]
 [ 0.48048    3.6132     0.42162    0.       ]
 [-0.18199    0.61569   -0.37667    3.       ]
 [-0.28438   -0.79171    4.2406     2.       ]
 [ 0.23759   -0.67155   -1.045      3.       ]
 [-0.4385     4.3432    -0.058403   0.       ]
 [-0.92546    0.09866    5.6843     2.       ]
 [-0.29934   -1.721      4.1834     2.       ]
 [-0.46247    3.4234    -0.84597    0.       ]
 [ 1.1283     2.4654     2.4421     0.       ]
 [ 0.024739  -0.028091   0.14036    3.       ]
 [-0.081664  -0.15847    4.0065     2.       ]
 [ 2.6288     0.010307   0.20413    1.       ]
 [ 3.9081    -0.92124   -0.92695    1.       ]
 [ 3.1867     0.7934    -0.38195    1.       ]
 [-1.0646    -1.6439     5.5815     2.       ]
 [-0.44661   -0.46671   -1.4358     3.       ]
 [-0.11522    1.822      1.9785     0.       ]
 [ 0.2417     4.5493     0.46763    0.       ]
 [-0.059848  -0.57468    5.4419     2.       ]
 [ 3.5586    -1.0549    -0.15558    1.       ]
 [ 1.0871     0.64717    4.6326     2.       ]
 [-0.0087579  0.92946   -0.090432   3.       ]
 [ 1.6184     0.66164    0.22735    3.       ]
 [ 1.9512     3.0953    -0.68215    0.       ]
 [-0.094646   0.79323    4.9594     2.       ]
 [ 2.478      0.62101   -1.5075     1.       ]
 [ 4.5881     1.3779     1.8512     1.       ]
 [ 4.2384     0.77825    0.92427    1.       ]
 [-0.22538   -0.28028    5.3067     2.       ]
 [ 3.5426     0.59634   -0.11353    1.       ]
 [ 0.42597   -0.042931  -1.2423     3.       ]
 [-0.21463    4.4863     0.33089    0.       ]
 [ 0.76087    0.23792   -0.20837    3.       ]
 [-0.25673    2.3101     0.19006    0.       ]
 [ 0.8465     4.1102    -1.1611     0.       ]
 [ 2.535      4.4386     0.43752    0.       ]
 [-0.081551   1.2582     5.4685     2.       ]
 [ 4.2504     0.28616   -0.68617    1.       ]
 [-2.0666    -0.072599   4.7591     2.       ]
 [ 3.589      0.66356    0.22578    1.       ]
 [-1.7839     0.52907    4.7297     2.       ]
 [ 4.3133     0.66703    0.82812    1.       ]
 [ 1.4076    -1.029      0.20651    3.       ]
 [ 3.0388     1.7848    -0.20019    1.       ]
 [-0.22558   -0.96599    0.095018   3.       ]]
